2019-07-30 13:34:25 [ERROR] assets.py[line:457] 统计状态主机资产失败:(1055, "Expression #1 of SELECT list is not in GROUP BY clause and contains nonaggregated column 'opsmanage.opsmanage_assets.id' which is not functionally dependent on columns in GROUP BY clause; this is incompatible with sql_mode=only_full_group_by")
2019-07-30 13:34:25 [ERROR] assets.py[line:464] 统计资产类型失败:(1055, "Expression #1 of SELECT list is not in GROUP BY clause and contains nonaggregated column 'opsmanage.opsmanage_assets.id' which is not functionally dependent on columns in GROUP BY clause; this is incompatible with sql_mode=only_full_group_by")
2019-07-30 13:34:25 [ERROR] assets.py[line:457] 统计状态主机资产失败:(1055, "Expression #1 of SELECT list is not in GROUP BY clause and contains nonaggregated column 'opsmanage.opsmanage_assets.id' which is not functionally dependent on columns in GROUP BY clause; this is incompatible with sql_mode=only_full_group_by")
2019-07-30 13:34:25 [ERROR] assets.py[line:488] 统计代码发布类型失败:(1055, "Expression #1 of SELECT list is not in GROUP BY clause and contains nonaggregated column 'opsmanage.opsmanage_project_config.id' which is not functionally dependent on columns in GROUP BY clause; this is incompatible with sql_mode=only_full_group_by")
2019-07-30 13:34:25 [ERROR] assets.py[line:476] 统计数据库类型失败:(1055, "Expression #1 of SELECT list is not in GROUP BY clause and contains nonaggregated column 'opsmanage.opsmanage_database_server_config.id' which is not functionally dependent on columns in GROUP BY clause; this is incompatible with sql_mode=only_full_group_by")
2019-07-30 13:48:14 [WARNING] backend.py[line:382] Caught LDAPError while authenticating admin: SERVER_DOWN({'desc': "Can't contact LDAP server", 'errno': 107, 'info': 'Transport endpoint is not connected'})
2019-07-30 13:49:05 [WARNING] backend.py[line:382] Caught LDAPError while authenticating admin: SERVER_DOWN({'desc': "Can't contact LDAP server", 'errno': 107, 'info': 'Transport endpoint is not connected'})
2019-07-30 13:49:06 [ERROR] assets.py[line:457] 统计状态主机资产失败:(1055, "Expression #1 of SELECT list is not in GROUP BY clause and contains nonaggregated column 'opsmanage.opsmanage_assets.id' which is not functionally dependent on columns in GROUP BY clause; this is incompatible with sql_mode=only_full_group_by")
2019-07-30 13:49:06 [ERROR] assets.py[line:464] 统计资产类型失败:(1055, "Expression #1 of SELECT list is not in GROUP BY clause and contains nonaggregated column 'opsmanage.opsmanage_assets.id' which is not functionally dependent on columns in GROUP BY clause; this is incompatible with sql_mode=only_full_group_by")
2019-07-30 13:49:06 [ERROR] assets.py[line:457] 统计状态主机资产失败:(1055, "Expression #1 of SELECT list is not in GROUP BY clause and contains nonaggregated column 'opsmanage.opsmanage_assets.id' which is not functionally dependent on columns in GROUP BY clause; this is incompatible with sql_mode=only_full_group_by")
2019-07-30 13:49:06 [ERROR] assets.py[line:488] 统计代码发布类型失败:(1055, "Expression #1 of SELECT list is not in GROUP BY clause and contains nonaggregated column 'opsmanage.opsmanage_project_config.id' which is not functionally dependent on columns in GROUP BY clause; this is incompatible with sql_mode=only_full_group_by")
2019-07-30 13:49:06 [ERROR] assets.py[line:476] 统计数据库类型失败:(1055, "Expression #1 of SELECT list is not in GROUP BY clause and contains nonaggregated column 'opsmanage.opsmanage_database_server_config.id' which is not functionally dependent on columns in GROUP BY clause; this is incompatible with sql_mode=only_full_group_by")
2019-07-30 14:32:41 [WARNING] backend.py[line:382] Caught LDAPError while authenticating aaa: SERVER_DOWN({'desc': "Can't contact LDAP server", 'errno': 107, 'info': 'Transport endpoint is not connected'})
2019-07-30 14:33:04 [WARNING] backend.py[line:382] Caught LDAPError while authenticating adsfadsf: SERVER_DOWN({'desc': "Can't contact LDAP server", 'errno': 107, 'info': 'Transport endpoint is not connected'})
2019-07-30 14:33:17 [WARNING] backend.py[line:382] Caught LDAPError while authenticating admin: SERVER_DOWN({'desc': "Can't contact LDAP server", 'errno': 107, 'info': 'Transport endpoint is not connected'})
2019-07-30 14:33:18 [ERROR] assets.py[line:457] 统计状态主机资产失败:(1055, "Expression #1 of SELECT list is not in GROUP BY clause and contains nonaggregated column 'opsmanage.opsmanage_assets.id' which is not functionally dependent on columns in GROUP BY clause; this is incompatible with sql_mode=only_full_group_by")
2019-07-30 14:33:18 [ERROR] assets.py[line:464] 统计资产类型失败:(1055, "Expression #1 of SELECT list is not in GROUP BY clause and contains nonaggregated column 'opsmanage.opsmanage_assets.id' which is not functionally dependent on columns in GROUP BY clause; this is incompatible with sql_mode=only_full_group_by")
2019-07-30 14:33:18 [ERROR] assets.py[line:457] 统计状态主机资产失败:(1055, "Expression #1 of SELECT list is not in GROUP BY clause and contains nonaggregated column 'opsmanage.opsmanage_assets.id' which is not functionally dependent on columns in GROUP BY clause; this is incompatible with sql_mode=only_full_group_by")
2019-07-30 14:33:18 [ERROR] assets.py[line:488] 统计代码发布类型失败:(1055, "Expression #1 of SELECT list is not in GROUP BY clause and contains nonaggregated column 'opsmanage.opsmanage_project_config.id' which is not functionally dependent on columns in GROUP BY clause; this is incompatible with sql_mode=only_full_group_by")
2019-07-30 14:33:18 [ERROR] assets.py[line:476] 统计数据库类型失败:(1055, "Expression #1 of SELECT list is not in GROUP BY clause and contains nonaggregated column 'opsmanage.opsmanage_database_server_config.id' which is not functionally dependent on columns in GROUP BY clause; this is incompatible with sql_mode=only_full_group_by")
2019-07-30 14:33:31 [WARNING] backend.py[line:382] Caught LDAPError while authenticating admin: SERVER_DOWN({'desc': "Can't contact LDAP server", 'errno': 107, 'info': 'Transport endpoint is not connected'})
2019-07-30 14:38:33 [WARNING] backend.py[line:382] Caught LDAPError while authenticating admin: SERVER_DOWN({'desc': "Can't contact LDAP server", 'errno': 107, 'info': 'Transport endpoint is not connected'})
2019-07-30 14:38:34 [ERROR] assets.py[line:457] 统计状态主机资产失败:(1055, "Expression #1 of SELECT list is not in GROUP BY clause and contains nonaggregated column 'opsmanage.opsmanage_assets.id' which is not functionally dependent on columns in GROUP BY clause; this is incompatible with sql_mode=only_full_group_by")
2019-07-30 14:38:34 [ERROR] assets.py[line:464] 统计资产类型失败:(1055, "Expression #1 of SELECT list is not in GROUP BY clause and contains nonaggregated column 'opsmanage.opsmanage_assets.id' which is not functionally dependent on columns in GROUP BY clause; this is incompatible with sql_mode=only_full_group_by")
2019-07-30 14:38:34 [ERROR] assets.py[line:457] 统计状态主机资产失败:(1055, "Expression #1 of SELECT list is not in GROUP BY clause and contains nonaggregated column 'opsmanage.opsmanage_assets.id' which is not functionally dependent on columns in GROUP BY clause; this is incompatible with sql_mode=only_full_group_by")
2019-07-30 14:38:34 [ERROR] assets.py[line:488] 统计代码发布类型失败:(1055, "Expression #1 of SELECT list is not in GROUP BY clause and contains nonaggregated column 'opsmanage.opsmanage_project_config.id' which is not functionally dependent on columns in GROUP BY clause; this is incompatible with sql_mode=only_full_group_by")
2019-07-30 14:38:34 [ERROR] assets.py[line:476] 统计数据库类型失败:(1055, "Expression #1 of SELECT list is not in GROUP BY clause and contains nonaggregated column 'opsmanage.opsmanage_database_server_config.id' which is not functionally dependent on columns in GROUP BY clause; this is incompatible with sql_mode=only_full_group_by")
2019-07-30 14:56:54 [WARNING] backend.py[line:382] Caught LDAPError while authenticating admin: SERVER_DOWN({'desc': "Can't contact LDAP server", 'errno': 107, 'info': 'Transport endpoint is not connected'})
2019-07-30 14:57:00 [WARNING] backend.py[line:382] Caught LDAPError while authenticating admin: SERVER_DOWN({'desc': "Can't contact LDAP server", 'errno': 107, 'info': 'Transport endpoint is not connected'})
2019-07-30 14:57:02 [ERROR] assets.py[line:457] 统计状态主机资产失败:(1055, "Expression #1 of SELECT list is not in GROUP BY clause and contains nonaggregated column 'opsmanage.opsmanage_assets.id' which is not functionally dependent on columns in GROUP BY clause; this is incompatible with sql_mode=only_full_group_by")
2019-07-30 14:57:02 [ERROR] assets.py[line:464] 统计资产类型失败:(1055, "Expression #1 of SELECT list is not in GROUP BY clause and contains nonaggregated column 'opsmanage.opsmanage_assets.id' which is not functionally dependent on columns in GROUP BY clause; this is incompatible with sql_mode=only_full_group_by")
2019-07-30 14:57:02 [ERROR] assets.py[line:457] 统计状态主机资产失败:(1055, "Expression #1 of SELECT list is not in GROUP BY clause and contains nonaggregated column 'opsmanage.opsmanage_assets.id' which is not functionally dependent on columns in GROUP BY clause; this is incompatible with sql_mode=only_full_group_by")
2019-07-30 14:57:02 [ERROR] assets.py[line:488] 统计代码发布类型失败:(1055, "Expression #1 of SELECT list is not in GROUP BY clause and contains nonaggregated column 'opsmanage.opsmanage_project_config.id' which is not functionally dependent on columns in GROUP BY clause; this is incompatible with sql_mode=only_full_group_by")
2019-07-30 14:57:02 [ERROR] assets.py[line:476] 统计数据库类型失败:(1055, "Expression #1 of SELECT list is not in GROUP BY clause and contains nonaggregated column 'opsmanage.opsmanage_database_server_config.id' which is not functionally dependent on columns in GROUP BY clause; this is incompatible with sql_mode=only_full_group_by")
2019-07-30 14:57:12 [WARNING] backend.py[line:382] Caught LDAPError while authenticating admin: SERVER_DOWN({'desc': "Can't contact LDAP server", 'errno': 107, 'info': 'Transport endpoint is not connected'})
2019-07-30 14:57:13 [ERROR] assets.py[line:457] 统计状态主机资产失败:(1055, "Expression #1 of SELECT list is not in GROUP BY clause and contains nonaggregated column 'opsmanage.opsmanage_assets.id' which is not functionally dependent on columns in GROUP BY clause; this is incompatible with sql_mode=only_full_group_by")
2019-07-30 14:57:13 [ERROR] assets.py[line:464] 统计资产类型失败:(1055, "Expression #1 of SELECT list is not in GROUP BY clause and contains nonaggregated column 'opsmanage.opsmanage_assets.id' which is not functionally dependent on columns in GROUP BY clause; this is incompatible with sql_mode=only_full_group_by")
2019-07-30 14:57:13 [ERROR] assets.py[line:457] 统计状态主机资产失败:(1055, "Expression #1 of SELECT list is not in GROUP BY clause and contains nonaggregated column 'opsmanage.opsmanage_assets.id' which is not functionally dependent on columns in GROUP BY clause; this is incompatible with sql_mode=only_full_group_by")
2019-07-30 14:57:13 [ERROR] assets.py[line:488] 统计代码发布类型失败:(1055, "Expression #1 of SELECT list is not in GROUP BY clause and contains nonaggregated column 'opsmanage.opsmanage_project_config.id' which is not functionally dependent on columns in GROUP BY clause; this is incompatible with sql_mode=only_full_group_by")
2019-07-30 14:57:13 [ERROR] assets.py[line:476] 统计数据库类型失败:(1055, "Expression #1 of SELECT list is not in GROUP BY clause and contains nonaggregated column 'opsmanage.opsmanage_database_server_config.id' which is not functionally dependent on columns in GROUP BY clause; this is incompatible with sql_mode=only_full_group_by")
2019-07-30 15:24:40 [WARNING] backend.py[line:382] Caught LDAPError while authenticating admin: SERVER_DOWN({'desc': "Can't contact LDAP server", 'errno': 107, 'info': 'Transport endpoint is not connected'})
2019-07-30 15:24:46 [WARNING] backend.py[line:382] Caught LDAPError while authenticating admin: SERVER_DOWN({'desc': "Can't contact LDAP server", 'errno': 107, 'info': 'Transport endpoint is not connected'})
2019-07-30 15:24:47 [ERROR] assets.py[line:457] 统计状态主机资产失败:(1055, "Expression #1 of SELECT list is not in GROUP BY clause and contains nonaggregated column 'opsmanage.opsmanage_assets.id' which is not functionally dependent on columns in GROUP BY clause; this is incompatible with sql_mode=only_full_group_by")
2019-07-30 15:24:47 [ERROR] assets.py[line:464] 统计资产类型失败:(1055, "Expression #1 of SELECT list is not in GROUP BY clause and contains nonaggregated column 'opsmanage.opsmanage_assets.id' which is not functionally dependent on columns in GROUP BY clause; this is incompatible with sql_mode=only_full_group_by")
2019-07-30 15:24:47 [ERROR] assets.py[line:457] 统计状态主机资产失败:(1055, "Expression #1 of SELECT list is not in GROUP BY clause and contains nonaggregated column 'opsmanage.opsmanage_assets.id' which is not functionally dependent on columns in GROUP BY clause; this is incompatible with sql_mode=only_full_group_by")
2019-07-30 15:24:47 [ERROR] assets.py[line:488] 统计代码发布类型失败:(1055, "Expression #1 of SELECT list is not in GROUP BY clause and contains nonaggregated column 'opsmanage.opsmanage_project_config.id' which is not functionally dependent on columns in GROUP BY clause; this is incompatible with sql_mode=only_full_group_by")
2019-07-30 15:24:47 [ERROR] assets.py[line:476] 统计数据库类型失败:(1055, "Expression #1 of SELECT list is not in GROUP BY clause and contains nonaggregated column 'opsmanage.opsmanage_database_server_config.id' which is not functionally dependent on columns in GROUP BY clause; this is incompatible with sql_mode=only_full_group_by")
2019-07-30 15:25:01 [WARNING] backend.py[line:382] Caught LDAPError while authenticating admin: SERVER_DOWN({'desc': "Can't contact LDAP server", 'errno': 107, 'info': 'Transport endpoint is not connected'})
2019-07-30 15:25:21 [WARNING] backend.py[line:382] Caught LDAPError while authenticating admin: SERVER_DOWN({'desc': "Can't contact LDAP server", 'errno': 107, 'info': 'Transport endpoint is not connected'})
2019-07-30 15:25:23 [ERROR] assets.py[line:457] 统计状态主机资产失败:(1055, "Expression #1 of SELECT list is not in GROUP BY clause and contains nonaggregated column 'opsmanage.opsmanage_assets.id' which is not functionally dependent on columns in GROUP BY clause; this is incompatible with sql_mode=only_full_group_by")
2019-07-30 15:25:23 [ERROR] assets.py[line:464] 统计资产类型失败:(1055, "Expression #1 of SELECT list is not in GROUP BY clause and contains nonaggregated column 'opsmanage.opsmanage_assets.id' which is not functionally dependent on columns in GROUP BY clause; this is incompatible with sql_mode=only_full_group_by")
2019-07-30 15:25:23 [ERROR] assets.py[line:457] 统计状态主机资产失败:(1055, "Expression #1 of SELECT list is not in GROUP BY clause and contains nonaggregated column 'opsmanage.opsmanage_assets.id' which is not functionally dependent on columns in GROUP BY clause; this is incompatible with sql_mode=only_full_group_by")
2019-07-30 15:25:23 [ERROR] assets.py[line:488] 统计代码发布类型失败:(1055, "Expression #1 of SELECT list is not in GROUP BY clause and contains nonaggregated column 'opsmanage.opsmanage_project_config.id' which is not functionally dependent on columns in GROUP BY clause; this is incompatible with sql_mode=only_full_group_by")
2019-07-30 15:25:23 [ERROR] assets.py[line:476] 统计数据库类型失败:(1055, "Expression #1 of SELECT list is not in GROUP BY clause and contains nonaggregated column 'opsmanage.opsmanage_database_server_config.id' which is not functionally dependent on columns in GROUP BY clause; this is incompatible with sql_mode=only_full_group_by")
2019-07-30 15:26:05 [WARNING] backend.py[line:382] Caught LDAPError while authenticating admin: SERVER_DOWN({'desc': "Can't contact LDAP server", 'errno': 107, 'info': 'Transport endpoint is not connected'})
2019-07-30 15:26:28 [WARNING] backend.py[line:382] Caught LDAPError while authenticating admin: SERVER_DOWN({'desc': "Can't contact LDAP server", 'errno': 107, 'info': 'Transport endpoint is not connected'})
2019-07-30 15:26:30 [ERROR] assets.py[line:457] 统计状态主机资产失败:(1055, "Expression #1 of SELECT list is not in GROUP BY clause and contains nonaggregated column 'opsmanage.opsmanage_assets.id' which is not functionally dependent on columns in GROUP BY clause; this is incompatible with sql_mode=only_full_group_by")
2019-07-30 15:26:30 [ERROR] assets.py[line:464] 统计资产类型失败:(1055, "Expression #1 of SELECT list is not in GROUP BY clause and contains nonaggregated column 'opsmanage.opsmanage_assets.id' which is not functionally dependent on columns in GROUP BY clause; this is incompatible with sql_mode=only_full_group_by")
2019-07-30 15:26:30 [ERROR] assets.py[line:457] 统计状态主机资产失败:(1055, "Expression #1 of SELECT list is not in GROUP BY clause and contains nonaggregated column 'opsmanage.opsmanage_assets.id' which is not functionally dependent on columns in GROUP BY clause; this is incompatible with sql_mode=only_full_group_by")
2019-07-30 15:26:30 [ERROR] assets.py[line:488] 统计代码发布类型失败:(1055, "Expression #1 of SELECT list is not in GROUP BY clause and contains nonaggregated column 'opsmanage.opsmanage_project_config.id' which is not functionally dependent on columns in GROUP BY clause; this is incompatible with sql_mode=only_full_group_by")
2019-07-30 15:26:30 [ERROR] assets.py[line:476] 统计数据库类型失败:(1055, "Expression #1 of SELECT list is not in GROUP BY clause and contains nonaggregated column 'opsmanage.opsmanage_database_server_config.id' which is not functionally dependent on columns in GROUP BY clause; this is incompatible with sql_mode=only_full_group_by")
2019-07-30 15:26:37 [ERROR] assets.py[line:457] 统计状态主机资产失败:(1055, "Expression #1 of SELECT list is not in GROUP BY clause and contains nonaggregated column 'opsmanage.opsmanage_assets.id' which is not functionally dependent on columns in GROUP BY clause; this is incompatible with sql_mode=only_full_group_by")
2019-07-30 15:26:37 [ERROR] assets.py[line:464] 统计资产类型失败:(1055, "Expression #1 of SELECT list is not in GROUP BY clause and contains nonaggregated column 'opsmanage.opsmanage_assets.id' which is not functionally dependent on columns in GROUP BY clause; this is incompatible with sql_mode=only_full_group_by")
2019-07-30 15:26:37 [ERROR] assets.py[line:457] 统计状态主机资产失败:(1055, "Expression #1 of SELECT list is not in GROUP BY clause and contains nonaggregated column 'opsmanage.opsmanage_assets.id' which is not functionally dependent on columns in GROUP BY clause; this is incompatible with sql_mode=only_full_group_by")
2019-07-30 15:26:37 [ERROR] assets.py[line:488] 统计代码发布类型失败:(1055, "Expression #1 of SELECT list is not in GROUP BY clause and contains nonaggregated column 'opsmanage.opsmanage_project_config.id' which is not functionally dependent on columns in GROUP BY clause; this is incompatible with sql_mode=only_full_group_by")
2019-07-30 15:26:37 [ERROR] assets.py[line:476] 统计数据库类型失败:(1055, "Expression #1 of SELECT list is not in GROUP BY clause and contains nonaggregated column 'opsmanage.opsmanage_database_server_config.id' which is not functionally dependent on columns in GROUP BY clause; this is incompatible with sql_mode=only_full_group_by")
2019-07-30 15:27:02 [WARNING] backend.py[line:382] Caught LDAPError while authenticating admin: SERVER_DOWN({'desc': "Can't contact LDAP server", 'errno': 107, 'info': 'Transport endpoint is not connected'})
2019-07-30 15:27:03 [ERROR] assets.py[line:457] 统计状态主机资产失败:(1055, "Expression #1 of SELECT list is not in GROUP BY clause and contains nonaggregated column 'opsmanage.opsmanage_assets.id' which is not functionally dependent on columns in GROUP BY clause; this is incompatible with sql_mode=only_full_group_by")
2019-07-30 15:27:03 [ERROR] assets.py[line:464] 统计资产类型失败:(1055, "Expression #1 of SELECT list is not in GROUP BY clause and contains nonaggregated column 'opsmanage.opsmanage_assets.id' which is not functionally dependent on columns in GROUP BY clause; this is incompatible with sql_mode=only_full_group_by")
2019-07-30 15:27:03 [ERROR] assets.py[line:457] 统计状态主机资产失败:(1055, "Expression #1 of SELECT list is not in GROUP BY clause and contains nonaggregated column 'opsmanage.opsmanage_assets.id' which is not functionally dependent on columns in GROUP BY clause; this is incompatible with sql_mode=only_full_group_by")
2019-07-30 15:27:03 [ERROR] assets.py[line:488] 统计代码发布类型失败:(1055, "Expression #1 of SELECT list is not in GROUP BY clause and contains nonaggregated column 'opsmanage.opsmanage_project_config.id' which is not functionally dependent on columns in GROUP BY clause; this is incompatible with sql_mode=only_full_group_by")
2019-07-30 15:27:03 [ERROR] assets.py[line:476] 统计数据库类型失败:(1055, "Expression #1 of SELECT list is not in GROUP BY clause and contains nonaggregated column 'opsmanage.opsmanage_database_server_config.id' which is not functionally dependent on columns in GROUP BY clause; this is incompatible with sql_mode=only_full_group_by")
2019-07-30 15:27:08 [ERROR] assets.py[line:67] 获取设备厂商失败:(1055, "Expression #2 of SELECT list is not in GROUP BY clause and contains nonaggregated column 'opsmanage.opsmanage_assets.id' which is not functionally dependent on columns in GROUP BY clause; this is incompatible with sql_mode=only_full_group_by")
2019-07-30 15:27:08 [ERROR] assets.py[line:81] 获取设备型号失败:(1055, "Expression #2 of SELECT list is not in GROUP BY clause and contains nonaggregated column 'opsmanage.opsmanage_assets.id' which is not functionally dependent on columns in GROUP BY clause; this is incompatible with sql_mode=only_full_group_by")
2019-07-30 15:27:08 [ERROR] assets.py[line:74] 获取供应商失败:(1055, "Expression #2 of SELECT list is not in GROUP BY clause and contains nonaggregated column 'opsmanage.opsmanage_assets.id' which is not functionally dependent on columns in GROUP BY clause; this is incompatible with sql_mode=only_full_group_by")
2019-07-30 15:27:08 [ERROR] assets.py[line:88] 获取cpu型号失败:(1055, "Expression #2 of SELECT list is not in GROUP BY clause and contains nonaggregated column 'opsmanage.opsmanage_server_assets.id' which is not functionally dependent on columns in GROUP BY clause; this is incompatible with sql_mode=only_full_group_by")
2019-07-30 15:27:08 [ERROR] assets.py[line:95] 获取操作系统失败:(1055, "Expression #2 of SELECT list is not in GROUP BY clause and contains nonaggregated column 'opsmanage.opsmanage_server_assets.id' which is not functionally dependent on columns in GROUP BY clause; this is incompatible with sql_mode=only_full_group_by")
2019-07-30 15:27:08 [ERROR] assets.py[line:102] 获取内核版本失败:(1055, "Expression #2 of SELECT list is not in GROUP BY clause and contains nonaggregated column 'opsmanage.opsmanage_server_assets.id' which is not functionally dependent on columns in GROUP BY clause; this is incompatible with sql_mode=only_full_group_by")
2019-07-30 15:27:28 [WARNING] backend.py[line:382] Caught LDAPError while authenticating admin: SERVER_DOWN({'desc': "Can't contact LDAP server", 'errno': 107, 'info': 'Transport endpoint is not connected'})
2019-07-30 15:27:29 [ERROR] assets.py[line:457] 统计状态主机资产失败:(1055, "Expression #1 of SELECT list is not in GROUP BY clause and contains nonaggregated column 'opsmanage.opsmanage_assets.id' which is not functionally dependent on columns in GROUP BY clause; this is incompatible with sql_mode=only_full_group_by")
2019-07-30 15:27:29 [ERROR] assets.py[line:464] 统计资产类型失败:(1055, "Expression #1 of SELECT list is not in GROUP BY clause and contains nonaggregated column 'opsmanage.opsmanage_assets.id' which is not functionally dependent on columns in GROUP BY clause; this is incompatible with sql_mode=only_full_group_by")
2019-07-30 15:27:29 [ERROR] assets.py[line:457] 统计状态主机资产失败:(1055, "Expression #1 of SELECT list is not in GROUP BY clause and contains nonaggregated column 'opsmanage.opsmanage_assets.id' which is not functionally dependent on columns in GROUP BY clause; this is incompatible with sql_mode=only_full_group_by")
2019-07-30 15:27:29 [ERROR] assets.py[line:488] 统计代码发布类型失败:(1055, "Expression #1 of SELECT list is not in GROUP BY clause and contains nonaggregated column 'opsmanage.opsmanage_project_config.id' which is not functionally dependent on columns in GROUP BY clause; this is incompatible with sql_mode=only_full_group_by")
2019-07-30 15:27:29 [ERROR] assets.py[line:476] 统计数据库类型失败:(1055, "Expression #1 of SELECT list is not in GROUP BY clause and contains nonaggregated column 'opsmanage.opsmanage_database_server_config.id' which is not functionally dependent on columns in GROUP BY clause; this is incompatible with sql_mode=only_full_group_by")
2019-07-30 15:58:09 [WARNING] backend.py[line:382] Caught LDAPError while authenticating admin: SERVER_DOWN({'desc': "Can't contact LDAP server", 'errno': 107, 'info': 'Transport endpoint is not connected'})
2019-07-30 15:58:10 [ERROR] assets.py[line:457] 统计状态主机资产失败:(1055, "Expression #1 of SELECT list is not in GROUP BY clause and contains nonaggregated column 'opsmanage.opsmanage_assets.id' which is not functionally dependent on columns in GROUP BY clause; this is incompatible with sql_mode=only_full_group_by")
2019-07-30 15:58:10 [ERROR] assets.py[line:464] 统计资产类型失败:(1055, "Expression #1 of SELECT list is not in GROUP BY clause and contains nonaggregated column 'opsmanage.opsmanage_assets.id' which is not functionally dependent on columns in GROUP BY clause; this is incompatible with sql_mode=only_full_group_by")
2019-07-30 15:58:10 [ERROR] assets.py[line:457] 统计状态主机资产失败:(1055, "Expression #1 of SELECT list is not in GROUP BY clause and contains nonaggregated column 'opsmanage.opsmanage_assets.id' which is not functionally dependent on columns in GROUP BY clause; this is incompatible with sql_mode=only_full_group_by")
2019-07-30 15:58:10 [ERROR] assets.py[line:488] 统计代码发布类型失败:(1055, "Expression #1 of SELECT list is not in GROUP BY clause and contains nonaggregated column 'opsmanage.opsmanage_project_config.id' which is not functionally dependent on columns in GROUP BY clause; this is incompatible with sql_mode=only_full_group_by")
2019-07-30 15:58:10 [ERROR] assets.py[line:476] 统计数据库类型失败:(1055, "Expression #1 of SELECT list is not in GROUP BY clause and contains nonaggregated column 'opsmanage.opsmanage_database_server_config.id' which is not functionally dependent on columns in GROUP BY clause; this is incompatible with sql_mode=only_full_group_by")
2019-07-30 21:26:58 [WARNING] backend.py[line:382] Caught LDAPError while authenticating admin: SERVER_DOWN({'desc': "Can't contact LDAP server", 'errno': 107, 'info': 'Transport endpoint is not connected'})
2019-07-30 21:26:59 [ERROR] assets.py[line:457] 统计状态主机资产失败:(1055, "Expression #1 of SELECT list is not in GROUP BY clause and contains nonaggregated column 'opsmanage.opsmanage_assets.id' which is not functionally dependent on columns in GROUP BY clause; this is incompatible with sql_mode=only_full_group_by")
2019-07-30 21:26:59 [ERROR] assets.py[line:464] 统计资产类型失败:(1055, "Expression #1 of SELECT list is not in GROUP BY clause and contains nonaggregated column 'opsmanage.opsmanage_assets.id' which is not functionally dependent on columns in GROUP BY clause; this is incompatible with sql_mode=only_full_group_by")
2019-07-30 21:26:59 [ERROR] assets.py[line:457] 统计状态主机资产失败:(1055, "Expression #1 of SELECT list is not in GROUP BY clause and contains nonaggregated column 'opsmanage.opsmanage_assets.id' which is not functionally dependent on columns in GROUP BY clause; this is incompatible with sql_mode=only_full_group_by")
2019-07-30 21:26:59 [ERROR] assets.py[line:488] 统计代码发布类型失败:(1055, "Expression #1 of SELECT list is not in GROUP BY clause and contains nonaggregated column 'opsmanage.opsmanage_project_config.id' which is not functionally dependent on columns in GROUP BY clause; this is incompatible with sql_mode=only_full_group_by")
2019-07-30 21:26:59 [ERROR] assets.py[line:476] 统计数据库类型失败:(1055, "Expression #1 of SELECT list is not in GROUP BY clause and contains nonaggregated column 'opsmanage.opsmanage_database_server_config.id' which is not functionally dependent on columns in GROUP BY clause; this is incompatible with sql_mode=only_full_group_by")
2019-07-30 21:29:28 [WARNING] backend.py[line:382] Caught LDAPError while authenticating admin: SERVER_DOWN({'desc': "Can't contact LDAP server", 'errno': 107, 'info': 'Transport endpoint is not connected'})
2019-07-31 11:48:54 [WARNING] backend.py[line:382] Caught LDAPError while authenticating admin: SERVER_DOWN({'desc': "Can't contact LDAP server", 'errno': 107, 'info': 'Transport endpoint is not connected'})
2019-07-31 11:48:57 [ERROR] assets.py[line:457] 统计状态主机资产失败:(1055, "Expression #1 of SELECT list is not in GROUP BY clause and contains nonaggregated column 'opsmanage.opsmanage_assets.id' which is not functionally dependent on columns in GROUP BY clause; this is incompatible with sql_mode=only_full_group_by")
2019-07-31 11:48:57 [ERROR] assets.py[line:464] 统计资产类型失败:(1055, "Expression #1 of SELECT list is not in GROUP BY clause and contains nonaggregated column 'opsmanage.opsmanage_assets.id' which is not functionally dependent on columns in GROUP BY clause; this is incompatible with sql_mode=only_full_group_by")
2019-07-31 11:48:57 [ERROR] assets.py[line:457] 统计状态主机资产失败:(1055, "Expression #1 of SELECT list is not in GROUP BY clause and contains nonaggregated column 'opsmanage.opsmanage_assets.id' which is not functionally dependent on columns in GROUP BY clause; this is incompatible with sql_mode=only_full_group_by")
2019-07-31 11:48:57 [ERROR] assets.py[line:488] 统计代码发布类型失败:(1055, "Expression #1 of SELECT list is not in GROUP BY clause and contains nonaggregated column 'opsmanage.opsmanage_project_config.id' which is not functionally dependent on columns in GROUP BY clause; this is incompatible with sql_mode=only_full_group_by")
2019-07-31 11:48:57 [ERROR] assets.py[line:476] 统计数据库类型失败:(1055, "Expression #1 of SELECT list is not in GROUP BY clause and contains nonaggregated column 'opsmanage.opsmanage_database_server_config.id' which is not functionally dependent on columns in GROUP BY clause; this is incompatible with sql_mode=only_full_group_by")
2019-07-31 11:49:37 [ERROR] assets.py[line:67] 获取设备厂商失败:(1055, "Expression #2 of SELECT list is not in GROUP BY clause and contains nonaggregated column 'opsmanage.opsmanage_assets.id' which is not functionally dependent on columns in GROUP BY clause; this is incompatible with sql_mode=only_full_group_by")
2019-07-31 11:49:37 [ERROR] assets.py[line:81] 获取设备型号失败:(1055, "Expression #2 of SELECT list is not in GROUP BY clause and contains nonaggregated column 'opsmanage.opsmanage_assets.id' which is not functionally dependent on columns in GROUP BY clause; this is incompatible with sql_mode=only_full_group_by")
2019-07-31 11:49:37 [ERROR] assets.py[line:74] 获取供应商失败:(1055, "Expression #2 of SELECT list is not in GROUP BY clause and contains nonaggregated column 'opsmanage.opsmanage_assets.id' which is not functionally dependent on columns in GROUP BY clause; this is incompatible with sql_mode=only_full_group_by")
2019-07-31 11:49:38 [ERROR] assets.py[line:88] 获取cpu型号失败:(1055, "Expression #2 of SELECT list is not in GROUP BY clause and contains nonaggregated column 'opsmanage.opsmanage_server_assets.id' which is not functionally dependent on columns in GROUP BY clause; this is incompatible with sql_mode=only_full_group_by")
2019-07-31 11:49:38 [ERROR] assets.py[line:95] 获取操作系统失败:(1055, "Expression #2 of SELECT list is not in GROUP BY clause and contains nonaggregated column 'opsmanage.opsmanage_server_assets.id' which is not functionally dependent on columns in GROUP BY clause; this is incompatible with sql_mode=only_full_group_by")
2019-07-31 11:49:38 [ERROR] assets.py[line:102] 获取内核版本失败:(1055, "Expression #2 of SELECT list is not in GROUP BY clause and contains nonaggregated column 'opsmanage.opsmanage_server_assets.id' which is not functionally dependent on columns in GROUP BY clause; this is incompatible with sql_mode=only_full_group_by")
2019-07-31 11:49:40 [ERROR] assets.py[line:67] 获取设备厂商失败:(1055, "Expression #2 of SELECT list is not in GROUP BY clause and contains nonaggregated column 'opsmanage.opsmanage_assets.id' which is not functionally dependent on columns in GROUP BY clause; this is incompatible with sql_mode=only_full_group_by")
2019-07-31 11:49:40 [ERROR] assets.py[line:81] 获取设备型号失败:(1055, "Expression #2 of SELECT list is not in GROUP BY clause and contains nonaggregated column 'opsmanage.opsmanage_assets.id' which is not functionally dependent on columns in GROUP BY clause; this is incompatible with sql_mode=only_full_group_by")
2019-07-31 11:49:40 [ERROR] assets.py[line:74] 获取供应商失败:(1055, "Expression #2 of SELECT list is not in GROUP BY clause and contains nonaggregated column 'opsmanage.opsmanage_assets.id' which is not functionally dependent on columns in GROUP BY clause; this is incompatible with sql_mode=only_full_group_by")
2019-07-31 11:49:40 [ERROR] assets.py[line:88] 获取cpu型号失败:(1055, "Expression #2 of SELECT list is not in GROUP BY clause and contains nonaggregated column 'opsmanage.opsmanage_server_assets.id' which is not functionally dependent on columns in GROUP BY clause; this is incompatible with sql_mode=only_full_group_by")
2019-07-31 11:49:40 [ERROR] assets.py[line:95] 获取操作系统失败:(1055, "Expression #2 of SELECT list is not in GROUP BY clause and contains nonaggregated column 'opsmanage.opsmanage_server_assets.id' which is not functionally dependent on columns in GROUP BY clause; this is incompatible with sql_mode=only_full_group_by")
2019-07-31 11:49:40 [ERROR] assets.py[line:102] 获取内核版本失败:(1055, "Expression #2 of SELECT list is not in GROUP BY clause and contains nonaggregated column 'opsmanage.opsmanage_server_assets.id' which is not functionally dependent on columns in GROUP BY clause; this is incompatible with sql_mode=only_full_group_by")
2019-07-31 11:49:41 [ERROR] assets.py[line:457] 统计状态主机资产失败:(1055, "Expression #1 of SELECT list is not in GROUP BY clause and contains nonaggregated column 'opsmanage.opsmanage_assets.id' which is not functionally dependent on columns in GROUP BY clause; this is incompatible with sql_mode=only_full_group_by")
2019-07-31 11:49:41 [ERROR] assets.py[line:464] 统计资产类型失败:(1055, "Expression #1 of SELECT list is not in GROUP BY clause and contains nonaggregated column 'opsmanage.opsmanage_assets.id' which is not functionally dependent on columns in GROUP BY clause; this is incompatible with sql_mode=only_full_group_by")
2019-07-31 11:49:41 [ERROR] assets.py[line:457] 统计状态主机资产失败:(1055, "Expression #1 of SELECT list is not in GROUP BY clause and contains nonaggregated column 'opsmanage.opsmanage_assets.id' which is not functionally dependent on columns in GROUP BY clause; this is incompatible with sql_mode=only_full_group_by")
2019-07-31 11:49:41 [ERROR] assets.py[line:488] 统计代码发布类型失败:(1055, "Expression #1 of SELECT list is not in GROUP BY clause and contains nonaggregated column 'opsmanage.opsmanage_project_config.id' which is not functionally dependent on columns in GROUP BY clause; this is incompatible with sql_mode=only_full_group_by")
2019-07-31 11:49:41 [ERROR] assets.py[line:476] 统计数据库类型失败:(1055, "Expression #1 of SELECT list is not in GROUP BY clause and contains nonaggregated column 'opsmanage.opsmanage_database_server_config.id' which is not functionally dependent on columns in GROUP BY clause; this is incompatible with sql_mode=only_full_group_by")
2019-07-31 11:49:45 [ERROR] assets.py[line:67] 获取设备厂商失败:(1055, "Expression #2 of SELECT list is not in GROUP BY clause and contains nonaggregated column 'opsmanage.opsmanage_assets.id' which is not functionally dependent on columns in GROUP BY clause; this is incompatible with sql_mode=only_full_group_by")
2019-07-31 11:49:45 [ERROR] assets.py[line:81] 获取设备型号失败:(1055, "Expression #2 of SELECT list is not in GROUP BY clause and contains nonaggregated column 'opsmanage.opsmanage_assets.id' which is not functionally dependent on columns in GROUP BY clause; this is incompatible with sql_mode=only_full_group_by")
2019-07-31 11:49:45 [ERROR] assets.py[line:74] 获取供应商失败:(1055, "Expression #2 of SELECT list is not in GROUP BY clause and contains nonaggregated column 'opsmanage.opsmanage_assets.id' which is not functionally dependent on columns in GROUP BY clause; this is incompatible with sql_mode=only_full_group_by")
2019-07-31 11:49:45 [ERROR] assets.py[line:88] 获取cpu型号失败:(1055, "Expression #2 of SELECT list is not in GROUP BY clause and contains nonaggregated column 'opsmanage.opsmanage_server_assets.id' which is not functionally dependent on columns in GROUP BY clause; this is incompatible with sql_mode=only_full_group_by")
2019-07-31 11:49:45 [ERROR] assets.py[line:95] 获取操作系统失败:(1055, "Expression #2 of SELECT list is not in GROUP BY clause and contains nonaggregated column 'opsmanage.opsmanage_server_assets.id' which is not functionally dependent on columns in GROUP BY clause; this is incompatible with sql_mode=only_full_group_by")
2019-07-31 11:49:45 [ERROR] assets.py[line:102] 获取内核版本失败:(1055, "Expression #2 of SELECT list is not in GROUP BY clause and contains nonaggregated column 'opsmanage.opsmanage_server_assets.id' which is not functionally dependent on columns in GROUP BY clause; this is incompatible with sql_mode=only_full_group_by")
2019-07-31 11:51:43 [WARNING] backend.py[line:382] Caught LDAPError while authenticating admin: SERVER_DOWN({'desc': "Can't contact LDAP server", 'errno': 107, 'info': 'Transport endpoint is not connected'})
2019-07-31 12:35:15 [WARNING] backend.py[line:382] Caught LDAPError while authenticating asdfa: SERVER_DOWN({'desc': "Can't contact LDAP server", 'errno': 107, 'info': 'Transport endpoint is not connected'})
2019-07-31 12:35:23 [WARNING] backend.py[line:382] Caught LDAPError while authenticating admin: SERVER_DOWN({'desc': "Can't contact LDAP server", 'errno': 107, 'info': 'Transport endpoint is not connected'})
2019-07-31 12:35:24 [ERROR] assets.py[line:457] 统计状态主机资产失败:(1055, "Expression #1 of SELECT list is not in GROUP BY clause and contains nonaggregated column 'opsmanage.opsmanage_assets.id' which is not functionally dependent on columns in GROUP BY clause; this is incompatible with sql_mode=only_full_group_by")
2019-07-31 12:35:24 [ERROR] assets.py[line:464] 统计资产类型失败:(1055, "Expression #1 of SELECT list is not in GROUP BY clause and contains nonaggregated column 'opsmanage.opsmanage_assets.id' which is not functionally dependent on columns in GROUP BY clause; this is incompatible with sql_mode=only_full_group_by")
2019-07-31 12:35:24 [ERROR] assets.py[line:457] 统计状态主机资产失败:(1055, "Expression #1 of SELECT list is not in GROUP BY clause and contains nonaggregated column 'opsmanage.opsmanage_assets.id' which is not functionally dependent on columns in GROUP BY clause; this is incompatible with sql_mode=only_full_group_by")
2019-07-31 12:35:24 [ERROR] assets.py[line:488] 统计代码发布类型失败:(1055, "Expression #1 of SELECT list is not in GROUP BY clause and contains nonaggregated column 'opsmanage.opsmanage_project_config.id' which is not functionally dependent on columns in GROUP BY clause; this is incompatible with sql_mode=only_full_group_by")
2019-07-31 12:35:24 [ERROR] assets.py[line:476] 统计数据库类型失败:(1055, "Expression #1 of SELECT list is not in GROUP BY clause and contains nonaggregated column 'opsmanage.opsmanage_database_server_config.id' which is not functionally dependent on columns in GROUP BY clause; this is incompatible with sql_mode=only_full_group_by")
